# JRE version: Java(TM) SE Runtime Environment (18.0.2+9) (build 18.0.2+9-61)
# Java VM: Java HotSpot(TM) 64-Bit Server VM (18.0.2+9-61, mixed mode, sharing, tiered, compressed oops, compressed class ptrs, g1 gc, windows-amd64)
GC Precious Log:
 CardTable entry size: 512
 Card Set container configuration: InlinePtr #cards 5 size 8 Array Of Cards #cards 12 size 40 Howl #buckets 4 coarsen threshold 1843 Howl Bitmap #cards 512 size 80 coarsen threshold 460 Card regions per heap region 1 cards per card region 2048
 CPUs: 4 total, 4 available
 Memory: 7931M
 Large Page Support: Disabled
 NUMA Support: Disabled
 Compressed Oops: Enabled (32-bit)
 Heap Region Size: 1M
 Heap Min Capacity: 8M
 Heap Initial Capacity: 124M
 Heap Max Capacity: 1984M
 Pre-touch: Disabled
 Parallel Workers: 4
 Concurrent Workers: 1
 Concurrent Refinement Workers: 4
 Periodic GC: Disabled
Heap:
 garbage-first heap   total 183296K, used 79579K [0x0000000084000000, 0x0000000100000000)
  region size 1024K, 5 young (5120K), 1 survivors (1024K)
 Metaspace       used 8227K, committed 8512K, reserved 1114112K
  class space    used 882K, committed 1024K, reserved 1048576K
GC Heap History (20 events):
Event: 2.688 GC heap before
{Heap before GC invocations=7 (full 0):
 garbage-first heap   total 183296K, used 82640K [0x0000000084000000, 0x0000000100000000)
  region size 1024K, 3 young (3072K), 1 survivors (1024K)
 Metaspace       used 6907K, committed 7104K, reserved 1114112K
  class space    used 697K, committed 832K, reserved 1048576K
}
Event: 2.689 GC heap after
{Heap after GC invocations=8 (full 0):
 garbage-first heap   total 183296K, used 67282K [0x0000000084000000, 0x0000000100000000)
  region size 1024K, 1 young (1024K), 1 survivors (1024K)
 Metaspace       used 6907K, committed 7104K, reserved 1114112K
  class space    used 697K, committed 832K, reserved 1048576K
}
Event: 2.778 GC heap before
{Heap before GC invocations=8 (full 0):
 garbage-first heap   total 183296K, used 83666K [0x0000000084000000, 0x0000000100000000)
  region size 1024K, 3 young (3072K), 1 survivors (1024K)
 Metaspace       used 6933K, committed 7168K, reserved 1114112K
  class space    used 697K, committed 832K, reserved 1048576K
}
Event: 2.779 GC heap after
{Heap after GC invocations=9 (full 0):
 garbage-first heap   total 183296K, used 56012K [0x0000000084000000, 0x0000000100000000)
  region size 1024K, 1 young (1024K), 1 survivors (1024K)
 Metaspace       used 6933K, committed 7168K, reserved 1114112K
  class space    used 697K, committed 832K, reserved 1048576K
}
Event: 2.932 GC heap before
{Heap before GC invocations=9 (full 0):
 garbage-first heap   total 183296K, used 81612K [0x0000000084000000, 0x0000000100000000)
  region size 1024K, 3 young (3072K), 1 survivors (1024K)
 Metaspace       used 6937K, committed 7168K, reserved 1114112K
  class space    used 697K, committed 832K, reserved 1048576K
}
Event: 2.934 GC heap after
{Heap after GC invocations=10 (full 0):
 garbage-first heap   total 183296K, used 66255K [0x0000000084000000, 0x0000000100000000)
  region size 1024K, 1 young (1024K), 1 survivors (1024K)
 Metaspace       used 6937K, committed 7168K, reserved 1114112K
  class space    used 697K, committed 832K, reserved 1048576K
}
Event: 3.027 GC heap before
{Heap before GC invocations=10 (full 0):
 garbage-first heap   total 183296K, used 82639K [0x0000000084000000, 0x0000000100000000)
  region size 1024K, 3 young (3072K), 1 survivors (1024K)
 Metaspace       used 6951K, committed 7168K, reserved 1114112K
  class space    used 697K, committed 832K, reserved 1048576K
}
Event: 3.028 GC heap after
{Heap after GC invocations=11 (full 0):
 garbage-first heap   total 183296K, used 57050K [0x0000000084000000, 0x0000000100000000)
  region size 1024K, 1 young (1024K), 1 survivors (1024K)
 Metaspace       used 6951K, committed 7168K, reserved 1114112K
  class space    used 697K, committed 832K, reserved 1048576K
}
Event: 3.173 GC heap before
{Heap before GC invocations=11 (full 0):
 garbage-first heap   total 183296K, used 83674K [0x0000000084000000, 0x0000000100000000)
  region size 1024K, 3 young (3072K), 1 survivors (1024K)
 Metaspace       used 6995K, committed 7168K, reserved 1114112K
  class space    used 697K, committed 832K, reserved 1048576K
}
Event: 3.173 GC heap after
{Heap after GC invocations=12 (full 0):
 garbage-first heap   total 183296K, used 67309K [0x0000000084000000, 0x0000000100000000)
  region size 1024K, 1 young (1024K), 1 survivors (1024K)
 Metaspace       used 6995K, committed 7168K, reserved 1114112K
  class space    used 697K, committed 832K, reserved 1048576K
}
Event: 3.253 GC heap before
{Heap before GC invocations=12 (full 0):
 garbage-first heap   total 183296K, used 80621K [0x0000000084000000, 0x0000000100000000)
  region size 1024K, 3 young (3072K), 1 survivors (1024K)
 Metaspace       used 7001K, committed 7232K, reserved 1114112K
  class space    used 697K, committed 832K, reserved 1048576K
}
Event: 3.254 GC heap after
{Heap after GC invocations=13 (full 0):
 garbage-first heap   total 183296K, used 55003K [0x0000000084000000, 0x0000000100000000)
  region size 1024K, 1 young (1024K), 1 survivors (1024K)
 Metaspace       used 7001K, committed 7232K, reserved 1114112K
  class space    used 697K, committed 832K, reserved 1048576K
}
Event: 3.405 GC heap before
{Heap before GC invocations=13 (full 0):
 garbage-first heap   total 183296K, used 80603K [0x0000000084000000, 0x0000000100000000)
  region size 1024K, 3 young (3072K), 1 survivors (1024K)
 Metaspace       used 7008K, committed 7232K, reserved 1114112K
  class space    used 697K, committed 832K, reserved 1048576K
}
Event: 3.406 GC heap after
{Heap after GC invocations=14 (full 0):
 garbage-first heap   total 183296K, used 67311K [0x0000000084000000, 0x0000000100000000)
  region size 1024K, 1 young (1024K), 1 survivors (1024K)
 Metaspace       used 7008K, committed 7232K, reserved 1114112K
  class space    used 697K, committed 832K, reserved 1048576K
}
Event: 3.455 GC heap before
{Heap before GC invocations=14 (full 0):
 garbage-first heap   total 183296K, used 80623K [0x0000000084000000, 0x0000000100000000)
  region size 1024K, 3 young (3072K), 1 survivors (1024K)
 Metaspace       used 7035K, committed 7232K, reserved 1114112K
  class space    used 697K, committed 832K, reserved 1048576K
}
Event: 3.456 GC heap after
{Heap after GC invocations=15 (full 0):
 garbage-first heap   total 183296K, used 54988K [0x0000000084000000, 0x0000000100000000)
  region size 1024K, 1 young (1024K), 1 survivors (1024K)
 Metaspace       used 7035K, committed 7232K, reserved 1114112K
  class space    used 697K, committed 832K, reserved 1048576K
}
Event: 3.577 GC heap before
{Heap before GC invocations=15 (full 0):
 garbage-first heap   total 183296K, used 83660K [0x0000000084000000, 0x0000000100000000)
  region size 1024K, 3 young (3072K), 1 survivors (1024K)
 Metaspace       used 7041K, committed 7232K, reserved 1114112K
  class space    used 697K, committed 832K, reserved 1048576K
}
Event: 3.578 GC heap after
{Heap after GC invocations=16 (full 0):
 garbage-first heap   total 183296K, used 70360K [0x0000000084000000, 0x0000000100000000)
  region size 1024K, 1 young (1024K), 1 survivors (1024K)
 Metaspace       used 7041K, committed 7232K, reserved 1114112K
  class space    used 697K, committed 832K, reserved 1048576K
}
Event: 3.609 GC heap before
{Heap before GC invocations=16 (full 0):
 garbage-first heap   total 183296K, used 81624K [0x0000000084000000, 0x0000000100000000)
  region size 1024K, 3 young (3072K), 1 survivors (1024K)
 Metaspace       used 7041K, committed 7232K, reserved 1114112K
  class space    used 697K, committed 832K, reserved 1048576K
}
Event: 3.610 GC heap after
{Heap after GC invocations=17 (full 0):
 garbage-first heap   total 183296K, used 53979K [0x0000000084000000, 0x0000000100000000)
  region size 1024K, 1 young (1024K), 1 survivors (1024K)
 Metaspace       used 7041K, committed 7232K, reserved 1114112K
  class space    used 697K, committed 832K, reserved 1048576K
}

